1701165706027	geckodriver	INFO	Listening on 127.0.0.1:56192
1701165706539	mozrunner::runner	INFO	Running command: MOZ_CRASHREPORTER="1" MOZ_CRASHREPORTER_NO_REPORT="1" MOZ_CRASHREPORTER_SHUTDOWN="1" MOZ_NO_REMOTE="1" "/App ... s" "localhost" "-foreground" "-no-remote" "-profile" "/var/folders/_6/0v0q7zy13fd594_w_1z43chm0000gp/T/rust_mozprofileTqXc8c"
console.warn: services.settings: Ignoring preference override of remote settings server
console.warn: services.settings: Allow by setting MOZ_REMOTE_SETTINGS_DEVTOOLS=1 in the environment
2023-11-28 12:01:46.741 firefox-bin[3484:1208120] WARNING: Secure coding is not enabled for restorable state! Enable secure coding by implementing NSApplicationDelegate.applicationSupportsSecureRestorableState: and returning YES.
1701165706849	Marionette	INFO	Marionette enabled
console.error: "Warning: unrecognized command line flag" "-remote-allow-hosts"
1701165706928	Marionette	INFO	Listening on port 56198
WebDriver BiDi listening on ws://127.0.0.1:56193
Read port: 56198
1701165707069	RemoteAgent	WARN	TLS certificate errors will be ignored for this session
UNSUPPORTED (log once): POSSIBLE ISSUE: unit 1 GLD_TEXTURE_INDEX_2D is unloadable and bound to sampler type (Float) - using zero texture because texture unloadable
DevTools listening on ws://127.0.0.1:56193/devtools/browser/f15ac743-8111-4862-b48e-1c553f9c8797
JavaScript warning: https://demowebshop.tricentis.com/Scripts/jquery-1.10.2.min.js, line 19: Using //@ to indicate sourceMappingURL pragmas is deprecated. Use //# instead
JavaScript warning: https://demowebshop.tricentis.com/Scripts/jquery-1.10.2.min.js, line 19: Using //@ to indicate sourceMappingURL pragmas is deprecated. Use //# instead
console.warn: LoginRecipes: "Falling back to a synchronous message for: https://demowebshop.tricentis.com."
console.warn: LoginRecipes: "Falling back to a synchronous message for: https://demowebshop.tricentis.com."
JavaScript warning: https://demowebshop.tricentis.com/Scripts/jquery-1.10.2.min.js, line 19: Using //@ to indicate sourceMappingURL pragmas is deprecated. Use //# instead
JavaScript warning: https://demowebshop.tricentis.com/Scripts/jquery-1.10.2.min.js, line 19: Using //@ to indicate sourceMappingURL pragmas is deprecated. Use //# instead
1701165736869	addons.xpi	ERROR	System addon update list error SyntaxError: XMLHttpRequest.open: 'http://%(server)s/dummy-system-addons.xml' is not a valid URL.
JavaScript warning: https://demowebshop.tricentis.com/Scripts/jquery-1.10.2.min.js, line 23: Script terminated by timeout at:
x.fx.tick@https://demowebshop.tricentis.com/Scripts/jquery-1.10.2.min.js:23:25787
setInterval handler*x.fx.start@https://demowebshop.tricentis.com/Scripts/jquery-1.10.2.min.js:23:26003
x.fx.timer@https://demowebshop.tricentis.com/Scripts/jquery-1.10.2.min.js:23:25947
er@https://demowebshop.tricentis.com/Scripts/jquery-1.10.2.min.js:23:20404
a@https://demowebshop.tricentis.com/Scripts/jquery-1.10.2.min.js:23:23861
dequeue@https://demowebshop.tricentis.com/Scripts/jquery-1.10.2.min.js:22:2749
queue/<@https://demowebshop.tricentis.com/Scripts/jquery-1.10.2.min.js:22:3200
each@https://demowebshop.tricentis.com/Scripts/jquery-1.10.2.min.js:21:5347
each@https://demowebshop.tricentis.com/Scripts/jquery-1.10.2.min.js:21:1999
queue@https://demowebshop.tricentis.com/Scripts/jquery-1.10.2.min.js:22:3105
animate@https://demowebshop.tricentis.com/Scripts/jquery-1.10.2.min.js:23:23978
createBoxes@https://demowebshop.tricentis.com/Plugins/Widgets.NivoSlider/Scripts/jquery.nivo.slider.js:283:30
nivoRun@https://demowebshop.tricentis.com/Plugins/Widgets.NivoSlider/Scripts/jquery.nivo.slider.js:533:28
NivoSlider/</timer<@https://demowebshop.tricentis.com/Plugins/Widgets.NivoSlider/Scripts/jquery.nivo.slider.js:183:62
setInterval handler*NivoSlider/<@https://demowebshop.tricentis.com/Plugins/Widgets.NivoSlider/Scripts/jquery.nivo.slider.js:183:29
handle@https://demowebshop.tricentis.com/Scripts/jquery-1.10.2.min.js:22:17982
dispatch@https://demowebshop.tricentis.com/Scripts/jquery-1.10.2.min.js:22:14129
add/v.handle@https://demowebshop.tricentis.com/Scripts/jquery-1.10.2.min.js:22:10866

1701165769867	Marionette	INFO	Stopped listening on port 56198
console.warn: "Inspector destroyed while executing onReflow callback"
JavaScript error: , line 0: NotFoundError: No such JSWindowActor 'DevToolsFrame'
JavaScript error: , line 0: NotFoundError: No such JSWindowActor 'DevToolsFrame'
JavaScript error: , line 0: NotFoundError: No such JSWindowActor 'DevToolsFrame'
