1701165641519	geckodriver	INFO	Listening on 127.0.0.1:56147
1701165642033	mozrunner::runner	INFO	Running command: MOZ_CRASHREPORTER="1" MOZ_CRASHREPORTER_NO_REPORT="1" MOZ_CRASHREPORTER_SHUTDOWN="1" MOZ_NO_REMOTE="1" "/App ... s" "localhost" "-foreground" "-no-remote" "-profile" "/var/folders/_6/0v0q7zy13fd594_w_1z43chm0000gp/T/rust_mozprofileA8fRbz"
console.warn: services.settings: Ignoring preference override of remote settings server
console.warn: services.settings: Allow by setting MOZ_REMOTE_SETTINGS_DEVTOOLS=1 in the environment
2023-11-28 12:00:42.212 firefox-bin[3259:1204662] WARNING: Secure coding is not enabled for restorable state! Enable secure coding by implementing NSApplicationDelegate.applicationSupportsSecureRestorableState: and returning YES.
1701165642319	Marionette	INFO	Marionette enabled
console.error: "Warning: unrecognized command line flag" "-remote-allow-hosts"
1701165642405	Marionette	INFO	Listening on port 56153
WebDriver BiDi listening on ws://127.0.0.1:56148
Read port: 56153
1701165642545	RemoteAgent	WARN	TLS certificate errors will be ignored for this session
UNSUPPORTED (log once): POSSIBLE ISSUE: unit 1 GLD_TEXTURE_INDEX_2D is unloadable and bound to sampler type (Float) - using zero texture because texture unloadable
DevTools listening on ws://127.0.0.1:56148/devtools/browser/5ef27b8f-69ea-44a9-b254-4054f8669607
JavaScript warning: https://demowebshop.tricentis.com/Scripts/jquery-1.10.2.min.js, line 19: Using //@ to indicate sourceMappingURL pragmas is deprecated. Use //# instead
JavaScript warning: https://demowebshop.tricentis.com/Scripts/jquery-1.10.2.min.js, line 19: Using //@ to indicate sourceMappingURL pragmas is deprecated. Use //# instead
console.warn: LoginRecipes: "Falling back to a synchronous message for: https://demowebshop.tricentis.com."
console.warn: LoginRecipes: "Falling back to a synchronous message for: https://demowebshop.tricentis.com."
JavaScript warning: https://demowebshop.tricentis.com/Scripts/jquery-1.10.2.min.js, line 19: Using //@ to indicate sourceMappingURL pragmas is deprecated. Use //# instead
JavaScript warning: https://demowebshop.tricentis.com/Scripts/jquery-1.10.2.min.js, line 19: Using //@ to indicate sourceMappingURL pragmas is deprecated. Use //# instead
1701165657582	Marionette	INFO	Stopped listening on port 56153
